{"total": {"lines":{"total":46,"covered":26,"skipped":0,"pct":56.52},"statements":{"total":47,"covered":27,"skipped":0,"pct":57.44},"functions":{"total":10,"covered":2,"skipped":0,"pct":20},"branches":{"total":4,"covered":0,"skipped":0,"pct":0},"branchesTrue":{"total":0,"covered":0,"skipped":0,"pct":"Unknown"}}
,"/home/ubuntus/solar-system/app.js": {"lines":{"total":46,"covered":26,"skipped":0,"pct":56.52},"functions":{"total":10,"covered":2,"skipped":0,"pct":20},"statements":{"total":47,"covered":27,"skipped":0,"pct":57.44},"branches":{"total":4,"covered":0,"skipped":0,"pct":0}}
}
